Arguments: 
  C:\Program Files (x86)\nodejs\node.exe D:\yarn\bin\yarn.js add nodejs-websocket

PATH: 
  C:\Users\lfc\bin;D:\Git\mingw64\bin;D:\Git\usr\local\bin;D:\Git\usr\bin;D:\Git\usr\bin;D:\Git\mingw64\bin;D:\Git\usr\bin;C:\Users\lfc\bin;C:\Program Files\Java\jdk1.8.0_171\bin;D:\Android SDK\tools;D:\Android SDK\platform-tools;C:\WINDOWS\system32;C:\WINDOWS;C:\WINDOWS\System32\Wbem;C:\WINDOWS\System32\WindowsPowerShell\v1.0;C:\Program Files\Microsoft SQL Server\130\Tools\Binn;C:\Program Files (x86)\Microsoft Emulator Manager\1.0;C:\Program Files (x86)\Windows Kits\10\Windows Performance Toolkit;D:\Git\cmd;C:\Program Files (x86)\nodejs;C:\WINDOWS\System32\OpenSSH;D:\Microsoft VS Code\bin;C:\WINDOWS\system32\config\systemprofile\.dnx\bin;C:\Program Files\Microsoft DNX\Dnvm;C:\Program Files\Microsoft SQL Server\120\Tools\Binn;D:\Chrome_Download\flutter_windows_v1.2.1-stable\flutter\bin;D:\Python27;D:\yarn\bin;C:\Users\lfc\AppData\Local\Microsoft\WindowsApps;D:\Microsoft VS Code\bin;C:\Program Files (x86)\nodejs\npm;C:\Program Files (x86)\nodejs\npm.cmd;C:\Users\lfc\AppData\Local\atom\bin;C:\Users\lfc\AppData\Roaming\npm;C:\Users\lfc\AppData\Local\Microsoft\WindowsApps;D:\抓包工具\Fiddler;D:\Chrome_Download\flutter_windows_v1.2.1-stable\flutter\bin;C:\Users\lfc\AppData\Local\Yarn\bin;D:\Git\usr\bin\vendor_perl;D:\Git\usr\bin\core_perl

Yarn version: 
  1.15.2

Node version: 
  8.11.2

Platform: 
  win32 x64

Trace: 
  Error: ENOENT: no such file or directory, copyfile 'C:\Users\lfc\AppData\Local\Yarn\Cache\v4\npm-http-errors-1.7.2-4f5029cf13239f31036e5b2e55292bcfbcc85c8f\node_modules\http-errors\HISTORY.md' -> 'D:\nodejs-demo\node_modules\raw-body\node_modules\http-errors\HISTORY.md'

npm manifest: 
  {
    "dependencies": {
      "body-parser": "^1.18.3",
      "cookie-parser": "^1.4.3",
      "express": "^4.16.3",
      "multer": "^1.3.1"
    }
  }

yarn manifest: 
  No manifest

Lockfile: 
  No lockfile
